TN:
SF:src/app.ts
FNF:0
FNH:0
DA:8,1
DA:9,1
DA:10,1
DA:12,1
DA:14,1
DA:15,1
DA:18,1
LF:7
LH:7
BRDA:14,0,0,1
BRF:1
BRH:1
end_of_record
TN:
SF:src/database.ts
FNF:0
FNH:0
DA:3,2
DA:4,2
LF:2
LH:2
BRF:0
BRH:0
end_of_record
TN:
SF:src/controllers/e2eTestsController.ts
FN:4,deleteAll
FNF:1
FNH:0
FNDA:0,deleteAll
DA:5,0
DA:6,0
LF:2
LH:0
BRF:0
BRH:0
end_of_record
TN:
SF:src/controllers/recommendationController.ts
FN:6,insert
FN:17,upvote
FN:25,downvote
FN:33,random
FN:39,get
FN:44,getTop
FN:51,getById
FNF:7
FNH:7
FNDA:4,insert
FNDA:2,upvote
FNDA:3,downvote
FNDA:2,random
FNDA:1,get
FNDA:1,getTop
FNDA:2,getById
DA:7,4
DA:8,4
DA:9,1
DA:12,3
DA:14,2
DA:18,2
DA:20,2
DA:22,1
DA:26,3
DA:28,3
DA:30,2
DA:34,2
DA:36,1
DA:40,1
DA:41,1
DA:45,1
DA:47,1
DA:48,1
DA:52,2
DA:54,2
DA:55,1
DA:58,1
LF:22
LH:22
BRDA:8,0,0,1
BRF:1
BRH:1
end_of_record
TN:
SF:src/middlewares/errorHandlerMiddleware.ts
FN:8,errorHandlerMiddleware
FNF:1
FNH:1
FNDA:6,errorHandlerMiddleware
DA:14,6
DA:15,6
DA:18,0
LF:3
LH:2
BRDA:14,0,0,6
BRF:1
BRH:1
end_of_record
TN:
SF:src/repositories/recommendationRepository.ts
FN:5,create
FN:16,findAll
FN:26,getAmountByScore
FN:33,getFindAllFilter
FN:45,find
FN:51,findByName
FN:57,updateScore
FN:66,remove
FN:72,deleteAll
FNF:9
FNH:8
FNDA:2,create
FNDA:4,findAll
FNDA:1,getAmountByScore
FNDA:4,getFindAllFilter
FNDA:7,find
FNDA:4,findByName
FNDA:3,updateScore
FNDA:1,remove
FNDA:0,deleteAll
DA:6,2
DA:17,4
DA:19,4
DA:27,1
DA:36,4
DA:38,2
DA:40,2
DA:46,7
DA:52,4
DA:58,3
DA:67,1
DA:73,0
DA:76,2
LF:13
LH:12
BRDA:36,0,0,2
BRF:1
BRH:1
end_of_record
TN:
SF:src/routers/e2eTestRouter.ts
FNF:0
FNH:0
DA:4,1
DA:6,1
LF:2
LH:2
BRF:0
BRH:0
end_of_record
TN:
SF:src/routers/recommendationRouter.ts
FNF:0
FNH:0
DA:4,1
DA:6,1
DA:7,1
DA:8,1
DA:9,1
DA:10,1
DA:11,1
DA:12,1
LF:8
LH:8
BRF:0
BRH:0
end_of_record
TN:
SF:src/schemas/recommendationsSchemas.ts
FNF:0
FNH:0
DA:4,1
DA:6,1
LF:2
LH:2
BRF:0
BRH:0
end_of_record
TN:
SF:src/services/recommendationsService.ts
FN:7,insert
FN:17,upvote
FN:23,downvote
FN:36,getByIdOrFail
FN:43,get
FN:47,getTop
FN:51,getRandom
FN:64,getByScore
FN:77,getScoreFilter
FN:85,deleteAll
FNF:10
FNH:9
FNDA:5,insert
FNDA:4,upvote
FNDA:3,downvote
FNDA:9,getByIdOrFail
FNDA:1,get
FNDA:1,getTop
FNDA:2,getRandom
FNDA:2,getByScore
FNDA:2,getScoreFilter
FNDA:0,deleteAll
DA:8,5
DA:11,5
DA:12,2
DA:14,3
DA:18,4
DA:20,2
DA:24,3
DA:26,2
DA:31,2
DA:32,1
DA:37,9
DA:38,9
DA:40,5
DA:44,1
DA:48,1
DA:52,2
DA:53,2
DA:55,2
DA:56,2
DA:57,1
DA:60,1
DA:61,1
DA:65,2
DA:70,2
DA:71,1
DA:74,1
DA:78,2
DA:79,2
DA:82,0
DA:86,0
DA:89,2
LF:31
LH:29
BRDA:11,0,0,2
BRDA:31,1,0,1
BRDA:38,2,0,4
BRDA:56,3,0,1
BRDA:70,4,0,1
BRDA:78,5,0,2
BRF:6
BRH:6
end_of_record
TN:
SF:src/utils/errorUtils.ts
FN:7,isAppError
FN:11,errorTypeToStatusCode
FN:19,conflictError
FN:23,notFoundError
FN:27,unauthorizedError
FN:31,wrongSchemaError
FNF:6
FNH:5
FNDA:6,isAppError
FNDA:6,errorTypeToStatusCode
FNDA:3,conflictError
FNDA:6,notFoundError
FNDA:0,unauthorizedError
FNDA:1,wrongSchemaError
DA:8,6
DA:12,6
DA:13,5
DA:14,1
DA:15,1
DA:16,0
DA:20,3
DA:24,6
DA:28,0
DA:32,1
LF:10
LH:8
BRDA:12,0,0,1
BRDA:13,1,0,4
BRDA:14,2,0,0
BRDA:15,3,0,1
BRDA:20,4,0,3
BRDA:20,4,1,0
BRDA:20,5,0,3
BRDA:20,5,1,3
BRDA:24,6,0,0
BRDA:24,6,1,6
BRDA:24,7,0,6
BRDA:24,7,1,6
BRDA:28,8,0,0
BRDA:28,8,1,0
BRDA:28,9,0,0
BRDA:28,9,1,0
BRDA:32,10,0,0
BRDA:32,10,1,1
BRDA:32,11,0,1
BRDA:32,11,1,1
BRF:20
BRH:12
end_of_record
TN:
SF:tests/factories/recommendationFactory.ts
FN:5,createRecommendationData
FN:23,createRecommendationWithSomeScore
FNF:2
FNH:2
FNDA:37,createRecommendationData
FNDA:32,createRecommendationWithSomeScore
DA:6,37
DA:11,37
DA:24,32
DA:25,32
DA:29,32
LF:5
LH:5
BRF:0
BRH:0
end_of_record
TN:
SF:tests/factories/scenarioFactory.ts
FN:6,createScenarioWithSomeRecommendations
FN:19,createScenarioWithOneRecommendationScore5
FN:27,createScenarioWithOneRecommendationScore5Negative
FNF:3
FNH:3
FNDA:4,createScenarioWithSomeRecommendations
FNDA:3,createScenarioWithOneRecommendationScore5
FNDA:1,createScenarioWithOneRecommendationScore5Negative
DA:7,4
DA:9,4
DA:10,28
DA:13,28
DA:16,4
DA:20,3
DA:22,3
DA:28,1
DA:30,1
LF:9
LH:9
BRF:0
BRH:0
end_of_record
