TN:
SF:src/database.ts
FNF:0
FNH:0
DA:3,1
DA:4,1
LF:2
LH:2
BRF:0
BRH:0
end_of_record
TN:
SF:src/repositories/recommendationRepository.ts
FN:5,create
FN:16,findAll
FN:26,getAmountByScore
FN:33,getFindAllFilter
FN:45,find
FN:51,findByName
FN:57,updateScore
FN:66,remove
FN:72,deleteAll
FNF:9
FNH:2
FNDA:0,create
FNDA:1,findAll
FNDA:0,getAmountByScore
FNDA:1,getFindAllFilter
FNDA:0,find
FNDA:0,findByName
FNDA:0,updateScore
FNDA:0,remove
FNDA:0,deleteAll
DA:6,0
DA:17,1
DA:19,1
DA:27,0
DA:36,1
DA:38,0
DA:40,0
DA:46,0
DA:52,0
DA:58,0
DA:67,0
DA:73,0
DA:76,1
LF:13
LH:4
BRDA:36,0,0,1
BRF:1
BRH:1
end_of_record
TN:
SF:src/services/recommendationsService.ts
FN:7,insert
FN:17,upvote
FN:23,downvote
FN:36,getByIdOrFail
FN:43,get
FN:47,getTop
FN:51,getRandom
FN:64,getByScore
FN:77,getScoreFilter
FN:85,deleteAll
FNF:10
FNH:10
FNDA:2,insert
FNDA:3,upvote
FNDA:1,downvote
FNDA:4,getByIdOrFail
FNDA:1,get
FNDA:1,getTop
FNDA:3,getRandom
FNDA:3,getByScore
FNDA:3,getScoreFilter
FNDA:1,deleteAll
DA:8,2
DA:11,2
DA:12,1
DA:14,1
DA:18,3
DA:20,1
DA:24,1
DA:26,1
DA:31,1
DA:32,1
DA:37,4
DA:38,4
DA:40,2
DA:44,1
DA:48,1
DA:52,3
DA:53,3
DA:55,3
DA:56,3
DA:57,1
DA:60,2
DA:61,2
DA:65,3
DA:70,3
DA:71,2
DA:74,1
DA:78,3
DA:79,3
DA:82,0
DA:86,1
DA:89,1
LF:31
LH:30
BRDA:11,0,0,1
BRDA:31,1,0,1
BRDA:38,2,0,2
BRDA:56,3,0,1
BRDA:70,4,0,2
BRDA:78,5,0,3
BRF:6
BRH:6
end_of_record
TN:
SF:src/utils/errorUtils.ts
FN:7,isAppError
FN:11,errorTypeToStatusCode
FN:19,conflictError
FN:23,notFoundError
FN:27,unauthorizedError
FN:31,wrongSchemaError
FNF:6
FNH:2
FNDA:0,isAppError
FNDA:0,errorTypeToStatusCode
FNDA:2,conflictError
FNDA:6,notFoundError
FNDA:0,unauthorizedError
FNDA:0,wrongSchemaError
DA:8,0
DA:12,0
DA:13,0
DA:14,0
DA:15,0
DA:16,0
DA:20,2
DA:24,6
DA:28,0
DA:32,0
LF:10
LH:2
BRDA:12,0,0,0
BRDA:13,1,0,0
BRDA:14,2,0,0
BRDA:15,3,0,0
BRDA:20,4,0,2
BRDA:20,4,1,0
BRDA:20,5,0,2
BRDA:20,5,1,2
BRDA:24,6,0,0
BRDA:24,6,1,6
BRDA:24,7,0,6
BRDA:24,7,1,6
BRDA:28,8,0,0
BRDA:28,8,1,0
BRDA:28,9,0,0
BRDA:28,9,1,0
BRDA:32,10,0,0
BRDA:32,10,1,0
BRDA:32,11,0,0
BRDA:32,11,1,0
BRF:20
BRH:6
end_of_record
TN:
SF:tests/factories/recommendationFactory.ts
FN:5,createRecommendationData
FN:23,createRecommendationWithSomeScore
FNF:2
FNH:2
FNDA:16,createRecommendationData
FNDA:14,createRecommendationWithSomeScore
DA:6,16
DA:11,16
DA:24,14
DA:25,14
DA:29,14
LF:5
LH:5
BRF:0
BRH:0
end_of_record
TN:
SF:tests/factories/scenarioFactory.ts
FN:6,createScenarioWithSomeRecommendations
FN:19,createScenarioWithOneRecommendationScore5
FN:27,createScenarioWithOneRecommendationScore100
FN:35,createScenarioWithOneRecommendationScore5Negative
FNF:4
FNH:4
FNDA:1,createScenarioWithSomeRecommendations
FNDA:2,createScenarioWithOneRecommendationScore5
FNDA:1,createScenarioWithOneRecommendationScore100
FNDA:1,createScenarioWithOneRecommendationScore5Negative
DA:7,1
DA:9,1
DA:10,10
DA:13,10
DA:16,1
DA:20,2
DA:22,2
DA:28,1
DA:30,1
DA:36,1
DA:38,1
LF:11
LH:11
BRF:0
BRH:0
end_of_record
